99972
99982
99972
99969
99967
99948
99926
99924
99904
99894
99884
99877
99873
99868
99836
99825
99810
99786
99785
99772
99756
99751
99734
99725
99722
99716
99715
99708
99696
99694
99691
99688
99654
99651
99638
99636
99628
99624
99609
99604
99604
99602
99601
99590
99582
99514
99509
99500
99476
99475
99466
99462
99450
99443
99437
99415
99412
99407
99400
99397
99394
99388
99381
99375
99339
99333
99321
99310
99303
99294
99293
99291
99272
99263
99230
99217
99217
99213
99213
99187
99163
99157
99146
99123
99116
99114
99108
99094
99063
99061
99021
99020
99017
98990
98982
98980
98958
98957
98950
98940
98938
98934
98927
98926
98925
98891
98883
98880
98879
98875
98863
98856
98856
98850
98850
98842
98839
98833
98822
98818
98808
98803
98795
98771
98763
98745
98742
98735
98732
98729
98722
98715
98715
98713
98697
98694
98689
98686
98680
98659
98644
98630
98627
98618
98561
98537
98535
98525
98523
98511
98511
98509
98508
98508
98504
98497
98492
98492
98491
98487
98484
98470
98447
98439
98437
98409
98406
98405
98392
98370
98365
98363
98354
98345
98338
98332
98321
98304
98303
98300
98298
98297
98296
98284
98280
98278
98276
98270
98261
98258
98247
98238
98234
98230
98222
98211
98196
98192
98187
98178
98171
98162
98137
98137
98126
98116
98109
98105
98103
98074
98058
98057
98054
98032
98017
98010
98009
98005
97993
97973
97963
97961
97957
97954
97953
97928
97926
97922
97914
97898
97889
97858
97850
97837
97831
97809
97800
97797
97797
97770
97754
97701
97671
97667
97654
97646
97616
97598
97596
97592
97555
97536
97532
97530
97522
97519
97514
97499
97494
97491
97486
97486
97486
97476
97475
97470
97463
97451
97447
97437
97408
97406
97399
97396
97385
97367
97363
97342
97341
97331
97326
97324
97322
97311
97308
97285
97278
97268
97252
97249
97242
97234
97225
97224
97223
97220
97215
97214
97183
97179
97169
97161
97157
97147
97107
97102
97076
97072
97067
97045
97042
97036
97033
97028
97020
97019
96985
96957
96933
96929
96921
96919
96911
96910
96902
96892
96880
96878
96867
96857
96852
96845
96829
96827
96813
96805
96781
96762
96750
96749
96745
96724
96721
96721
96710
96710
96707
96704
96696
96687
96683
96682
96674
96671
96661
96659
96651
96648
96634
96634
96629
96599
96589
96574
96569
96561
96516
96507
96499
96496
96488
96461
96449
96447
96446
96442
96424
96419
96411
96398
96392
96360
96357
96345
96328
96268
96263
96255
96246
96233
96225
96205
96204
96186
96181
96178
96175
96152
96152
96147
96140
96136
96131
96104
96096
96090
96058
96041
96036
96035
96025
96008
96008
95992
95985
95980
95976
95962
95961
95955
95916
95912
95906
95902
95900
95900
95898
95891
95886
95859
95859
95843
95834
95830
95826
95825
95817
95812
95809
95783
95762
95759
95736
95734
95724
95723
95713
95707
95682
95676
95664
95655
95643
95630
95627
95623
95623
95609
95608
95599
95599
95579
95579
95574
95574
95534
95530
95526
95526
95521
95518
95510
95497
95484
95476
95447
95447
95437
95437
95429
95429
95425
95421
95412
95402
95401
95392
95389
95356
95354
95345
95344
95339
95328
95325
95325
95322
95270
95269
95264
95253
95218
95206
95206
95197
95194
95189
95187
95187
95186
95181
95171
95163
95152
95150
95149
95146
95145
95143
95140
95132
95122
95107
95095
95085
95080
95080
95073
95073
95057
95051
95049
95038
95036
95031
95023
95012
95010
95003
94996
94990
94988
94982
94976
94957
94913
94903
94899
94898
94878
94877
94874
94871
94869
94867
94850
94848
94846
94819
94812
94807
94778
94771
94766
94750
94740
94735
94712
94711
94710
94709
94704
94696
94690
94687
94671
94664
94654
94649
94649
94635
94622
94621
94621
94617
94613
94612
94608
94597
94587
94571
94555
94553
94550
94538
94536
94535
94515
94495
94484
94477
94477
94472
94462
94451
94436
94426
94419
94409
94406
94405
94398
94397
94395
94382
94372
94348
94339
94334
94327
94314
94306
94298
94288
94256
94254
94212
94196
94186
94185
94175
94173
94144
94144
94140
94140
94139
94137
94127
94082
94074
94061
94050
94046
94039
94028
94022
93996
93994
93989
93989
93956
93949
93947
93943
93920
93914
93911
93910
93904
93904
93888
93886
93859
93855
93854
93841
93837
93835
93831
93827
93816
93815
93810
93798
93797
93788
93776
93769
93764
93761
93727
93724
93715
93706
93675
93661
93646
93617
93615
93611
93599
93594
93549
93549
93547
93534
93534
93528
93492
93487
93477
93459
93438
93433
93425
93413
93377
93369
93359
93358
93354
93344
93312
93303
93303
93281
93236
93227
93179
93171
93170
93154
93148
93131
93128
93120
93118
93111
93088
93081
93062
93059
93053
93046
93037
93036
93036
93031
92998
92997
92997
92970
92970
92966
92964
92958
92946
92942
92941
92903
92892
92887
92871
92854
92854
92845
92838
92834
92830
92818
92814
92809
92795
92788
92777
92756
92741
92736
92735
92712
92712
92711
92710
92678
92659
92647
92592
92589
92584
92582
92575
92573
92565
92561
92534
92530
92518
92516
92511
92507
92499
92489
92477
92453
92445
92445
92417
92411
92383
92381
92368
92362
92357
92355
92330
92327
92324
92323
92319
92313
92306
92306
92290
92257
92250
92234
92222
92197
92192
92188
92180
92162
92155
92149
92136
92128
92121
92118
92115
92094
92068
92065
92064
92061
92055
92048
92040
92018
92011
92001
91983
91958
91941
91909
91896
91894
91890
91888
91880
91835
91830
91829
91828
91811
91811
91749
91741
91725
91723
91695
91689
91687
91681
91669
91663
91658
91649
91635
91634
91631
91620
91618
91590
91584
91567
91546
91539
91534
91530
91528
91519
91513
91499
91495
91487
91466
91440
91438
91436
91420
91405
91404
91403
91398
91389
91361
91355
91347
91342
91329
91319
91302
91300
91295
91295
91284
91276
91270
91270
91261
91233
91207
91184
91176
91149
91146
91144
91128
91123
91073
91045
91042
91039
91031
91025
91011
91002
90947
90946
90938
90912
90906
90883
90883
90878
90873
90858
90857
90849
90846
90842
90833
90831
90823
90794
90776
90775
90772
90770
90768
90767
90750
90743
90733
90720
90719
90682
90679
90667
90647
90627
90610
90606
90591
90590
90574
90570
90532
90527
90512
90510
90504
90503
90500
90479
90464
90462
90452
90434
90421
90416
90410
90396
90389
90387
90345
90339
90328
90311
90308
90290
90288
90274
90264
90260
90258
90257
90243
90228
90201
90170
90154
90149
90145
90139
90135
90130
90130
90118
90113
90112
90111
90096
90093
90087
90085
90084
90065
90048
90046
90044
90041
90020
90018
89980
89970
89963
89950
89944
89937
89917
89909
89883
89882
89878
89873
89869
89857
89852
89841
89841
89829
89825
89806
89803
89782
89772
89767
89756
89746
89743
89725
89723
89721
89716
89715
89714
89711
89709
89699
89699
89688
89683
89680
89664
89660
89659
89657
89649
89648
89644
89642
89630
89626
89615
89606
89605
89602
89577
89570
89561
89554
89548
89539
89537
89537
89490
89472
89463
89460
89454
89440
89429
89421
89419
89388
89388
89377
89375
89369
89367
89363
89361
89359
89355
89318
89311
89310
89303
89275
89260
89223
89205
89203
89203
89198
89192
89182
89157
89153
89134
89126
89120
89075
89025
89009
88995
88988
88976
88971
88969
88933
88907
88905
88905
88901
88899
88890
88890
88887
88879
88873
88866
88863
88855
88851
88851
88848
88846
88842
88838
88837
88832
88826
88820
88815
88790
88785
88783
88774
88738
88723
88715
88671
88664
88658
88652
88606
88598
88573
88558
88545
88538
88531
88528
88525
88490
88488
88478
88477
88474
88469
88469
88460
88448
88426
88424
88404
88389
88376
88374
88367
88364
88350
88327
88310
88280
88276
88271
88263
88261
88246
88245
88239
88219
88207
88205
88162
88158
88112
88096
88092
88091
88079
88054
88048
88037
88032
88030
88006
87995
87981
87972
87960
87958
87946
87934
87918
87910
87910
87905
87903
87902
87890
87888
87878
87877
87853
87849
87826
87821
87820
87820
87818
87817
87813
87782
87764
87763
87757
87746
87732
87732
87710
87698
87696
87693
87671
87656
87625
87616
87585
87577
87565
87564
87563
87561
87560
87560
87557
87556
87556
87545
87539
87529
87510
87489
87483
87473
87461
87439
87437
87426
87414
87409
87404
87398
87394
87391
87383
87382
87377
87372
87364
87339
87328
87324
87301
87298
87285
87280
87277
87273
87266
87250
87216
87207
87205
87180
87176
87170
87158
87143
87143
87140
87140
87136
87097
87090
87083
87065
87053
87045
87023
87007
87002
87002
86989
86987
86970
86967
86959
86949
86940
86934
86918
86902
86900
86864
86839
86818
86807
86804
86800
86800
86799
86798
86793
86793
86784
86773
86767
86750
86747
86739
86736
86729
86726
86721
86718
86717
86706
86700
86698
86690
86676
86675
86667
86651
86605
86578
86572
86550
86534
86530
86521
86517
86495
86484
86481
86480
86477
86465
86460
86430
86424
86414
86412
86354
86348
86348
86344
86343
86342
86335
86321
86319
86317
86311
86273
86271
86270
86269
86266
86259
86253
86229
86228
86227
86225
86204
86161
86143
86125
86111
86110
86108
86105
86082
86078
86076
86063
86062
86050
86050
86049
86039
86024
86000
85981
85965
85951
85946
85939
85939
85937
85937
85929
85901
85892
85884
85864
85857
85854
85852
85819
85814
85796
85792
85772
85771
85720
85716
85716
85712
85709
85704
85692
85683
85671
85656
85649
85639
85633
85629
85619
85615
85603
85592
85587
85576
85574
85567
85557
85538
85537
85536
85536
85528
85525
85520
85517
85497
85488
85484
85480
85467
85441
85427
85424
85413
85412
85412
85407
85407
85404
85395
85390
85385
85376
85373
85369
85368
85362
85359
85356
85353
85349
85348
85334
85311
85301
85296
85295
85286
85279
85274
85270
85248
85246
85239
85236
85226
85185
85185
85184
85178
85172
85122
85105
85100
85088
85077
85069
85064
85046
85043
85040
85038
85032
85022
85015
85000
84999
84991
84964
84953
84928
84924
84906
84903
84894
84891
84891
84888
84877
84859
84856
84853
84841
84836
84833
84825
84787
84787
84780
84763
84762
84748
84741
84738
84732
84729
84698
84684
84676
84651
84650
84649
84648
84645
84636
84627
84610
84609
84581
84577
84561
84555
84540
84537
84510
84504
84489
84482
84479
84454
84442
84437
84410
84408
84350
84347
84346
84343
84342
84333
84295
84285
84284
84282
84271
84251
84235
84232
84215
84215
84206
84189
84185
84176
84169
84106
84090
84087
84083
84068
84067
84054
84054
84052
84041
84040
84016
84012
83999
83993
83981
83975
83974
83970
83966
83962
83948
83918
83917
83910
83909
83904
83894
83887
83882
83869
83865
83862
83857
83852
83818
83787
83787
83782
83756
83742
83726
83725
83724
83724
83673
83667
83662
83656
83654
83652
83644
83644
83639
83630
83626
83614
83612
83543
83539
83535
83529
83528
83518
83507
83503
83502
83493
83491
83489
83479
83476
83456
83434
83416
83416
83392
83389
83380
83354
83351
83330
83315
83306
83305
83301
83288
83287
83273
83253
83252
83250
83231
83229
83227
83225
83209
83205
83200
83167
83165
83155
83145
83141
83128
83118
83102
83093
83070
83068
83066
83048
83044
83040
83038
83023
83020
83006
82983
82973
82909
82896
82894
82889
82885
82879
82874
82870
82840
82827
82825
82821
82819
82805
82800
82798
82774
82729
82718
82715
82715
82711
82703
82695
82680
82674
82661
82651
82641
82622
82615
82602
82601
82600
82584
82567
82550
82521
82506
82506
82464
82464
82462
82461
82427
82426
82423
82422
82420
82416
82403
82401
82397
82374
82365
82350
82350
82350
82347
82345
82319
82298
82286
82271
82269
82264
82261
82256
82253
82246
82222
82199
82180
82145
82144
82134
82132
82130
82116
82108
82095
82086
82069
82068
82049
82046
82029
82026
82024
82017
82012
81995
81995
81987
81966
81965
81962
81950
81945
81938
81937
81929
81909
81905
81894
81888
81879
81876
81876
81868
81831
81829
81825
81814
81808
81803
81792
81769
81759
81754
81728
81721
81710
81707
81699
81697
81688
81677
81676
81674
81672
81665
81663
81660
81626
81617
81614
81608
81602
81599
81598
81597
81582
81576
81552
81551
81522
81522
81521
81483
81475
81471
81469
81466
81447
81444
81434
81415
81400
81399
81358
81357
81355
81343
81342
81335
81333
81331
81320
81312
81284
81279
81275
81264
81227
81225
81220
81197
81194
81182
81175
81172
81169
81167
81159
81156
81153
81144
81144
81114
81102
81101
81100
81069
81061
81061
81055
81055
81039
81037
81001
80995
80986
80962
80956
80955
80946
80923
80907
80907
80905
80884
80861
80861
80854
80853
80837
80811
80799
80781
80776
80775
80740
80728
80712
80707
80672
80667
80665
80634
80630
80624
80608
80603
80589
80589
80588
80587
80571
80563
80557
80550
80522
80518
80518
80513
80493
80479
80466
80461
80450
80418
80414
80397
80391
80389
80378
80378
80365
80340
80338
80329
80326
80326
80309
80296
80277
80266
80254
80242
80229
80223
80202
80175
80167
80150
80122
80093
80070
80067
80046
80045
80027
80023
80018
79998
79994
79986
79963
79941
79934
79895
79891
79874
79865
79856
79853
79838
79805
79783
79779
79771
79763
79744
79710
79704
79702
79695
79686
79682
79651
79644
79634
79616
79616
79615
79612
79599
79588
79583
79574
79573
79566
79562
79545
79538
79523
79514
79507
79505
79491
79487
79476
79475
79473
79471
79469
79460
79451
79433
79423
79405
79387
79387
79381
79370
79342
79340
79330
79320
79318
79299
79299
79291
79284
79277
79261
79249
79240
79236
79221
79191
79187
79185
79166
79165
79134
79133
79131
79129
79103
79100
79099
79092
79080
79076
79056
79042
79021
79020
79018
79011
79008
79007
78999
78988
78988
78985
78981
78973
78967
78954
78949
78944
78901
78891
78872
78852
78785
78768
78758
78748
78746
78736
78718
78702
78676
78649
78639
78639
78625
78610
78609
78594
78583
78575
78554
78553
78539
78536
78507
78497
78477
78459
78450
78450
78449
78429
78425
78425
78358
78341
78333
78331
78329
78318
78314
78296
78275
78274
78251
78225
78215
78212
78205
78204
78201
78192
78191
78180
78171
78163
78160
78160
78145
78124
78108
78099
78089
78072
78048
78033
78029
78020
78008
78005
78000
78000
77984
77975
77972
77967
77950
77930
77928
77923
77915
77914
77903
77887
77883
77868
77851
77846
77835
77821
77819
77809
77802
77801
77801
77790
77787
77769
77767
77767
77747
77745
77733
77731
77724
77717
77707
77704
77699
77670
77665
77660
77654
77641
77634
77609
77604
77603
77602
77599
77597
77594
77577
77574
77553
77544
77540
77539
77532
77515
77511
77508
77500
77481
77454
77449
77445
77432
77424
77410
77402
77397
77395
77390
77388
77388
77357
77354
77353
77340
77337
77305
77299
77289
77260
77247
77219
77219
77205
77198
77184
77160
77160
77133
77132
77125
77119
77115
77114
77113
77096
77062
77055
77051
77043
77033
77020
77019
76996
76991
76989
76986
76971
76942
76934
76929
76919
76890
76874
76867
76866
76864
76864
76858
76847
76843
76825
76822
76814
76811
76790
76787
76784
76770
76768
76740
76740
76729
76722
76716
76711
76706
76685
76667
76651
76649
76647
76607
76580
76578
76571
76569
76566
76565
76556
76544
76540
76531
76523
76523
76523
76504
76469
76464
76448
76434
76422
76422
76419
76418
76412
76391
76379
76379
76360
76338
76328
76324
76317
76300
76294
76265
76222
76196
76189
76181
76180
76172
76171
76170
76154
76096
76094
76072
76072
76069
76037
76029
76028
76026
76013
76001
75990
75976
75966
75955
75953
75950
75948
75945
75935
75933
75928
75921
75911
75902
75852
75841
75804
75790
75787
75776
75775
75757
75749
75732
75704
75701
75698
75698
75688
75669
75668
75668
75664
75650
75635
75631
75629
75627
75623
75605
75597
75594
75588
75588
75576
75567
75549
75548
75531
75528
75517
75510
75503
75502
75499
75492
75465
75450
75443
75442
75438
75432
75428
75426
75423
75420
75402
75384
75369
75366
75357
75348
75347
75342
75330
75324
75318
75316
75272
75260
75260
75255
75238
75231
75228
75223
75223
75222
75220
75194
75176
75175
75173
75170
75156
75133
75096
75065
75054
75044
75025
75011
75010
74998
74986
74985
74983
74980
74976
74972
74968
74968
74964
74963
74908
74904
74878
74873
74871
74860
74848
74833
74832
74808
74802
74793
74779
74778
74757
74747
74732
74705
74702
74701
74696
74673
74669
74665
74664
74663
74663
74653
74652
74629
74626
74617
74615
74610
74589
74584
74568
74567
74555
74550
74546
74517
74512
74497
74488
74463
74453
74442
74442
74438
74431
74429
74400
74382
74373
74356
74337
74329
74325
74298
74283
74278
74275
74251
74245
74244
74238
74230
74229
74226
74181
74176
74173
74165
74138
74137
74129
74102
74087
74082
74066
74064
74062
74059
74049
74025
74014
74007
74001
73993
73958
73948
73943
73939
73934
73927
73922
73898
73898
73898
73849
73826
73819
73798
73790
73752
73730
73726
73713
73686
73682
73681
73674
73672
73664
73661
73638
73635
73613
73590
73579
73571
73567
73561
73560
73554
73553
73551
73542
73524
73514
73506
73485
73480
73472
73452
73448
73439
73438
73424
73419
73417
73411
73408
73398
73371
73357
73353
73332
73329
73324
73285
73280
73259
73251
73242
73235
73232
73223
73220
73204
73203
73199
73197
73182
73173
73148
73144
73135
73134
73098
73070
73070
73044
73041
73041
73034
73021
73015
73003
73003
72997
72980
72933
72921
72914
72907
72884
72864
72830
72828
72813
72793
72790
72786
72776
72775
72774
72764
72761
72760
72752
72750
72725
72716
72706
72705
72701
72701
72624
72594
72584
72583
72562
72560
72558
72553
72540
72517
72511
72500
72494
72493
72489
72485
72444
72443
72442
72435
72422
72415
72386
72381
72366
72360
72358
72351
72305
72287
72279
72275
72263
72245
72228
72220
72210
72204
72203
72195
72193
72181
72174
72168
72143
72117
72112
72104
72101
72072
72062
72038
72034
72031
72027
72027
72010
72009
71993
71988
71982
71970
71963
71950
71947
71944
71940
71933
71916
71901
71887
71882
71877
71871
71855
71842
71830
71803
71794
71790
71769
71767
71747
71743
71736
71733
71707
71695
71685
71643
71611
71605
71600
71557
71546
71540
71539
71536
71532
71499
71478
71476
71457
71455
71442
71435
71420
71407
71378
71376
71370
71359
71343
71342
71337
71331
71329
71329
71329
71320
71302
71268
71267
71261
71258
71255
71252
71251
71240
71207
71183
71183
71157
71155
71148
71139
71139
71124
71087
71083
71071
71029
71019
70993
70984
70967
70967
70948
70943
70934
70920
70919
70913
70893
70889
70869
70866
70858
70841
70815
70815
70812
70795
70780
70779
70771
70751
70745
70731
70725
70724
70715
70702
70697
70688
70681
70677
70675
70671
70650
70649
70646
70643
70641
70639
70624
70621
70619
70610
70608
70607
70599
70597
70578
70552
70552
70544
70543
70537
70531
70520
70512
70500
70497
70491
70473
70462
70459
70458
70455
70448
70447
70446
70430
70402
70400
70391
70388
70388
70387
70375
70369
70357
70355
70340
70334
70323
70317
70307
70298
70275
70272
70250
70232
70199
70198
70179
70173
70157
70154
70153
70127
70122
70120
70104
70099
70091
70088
70075
70074
70071
70070
70052
70041
70041
70040
69994
69993
69990
69990
69989
69962
69959
69937
69923
69918
69900
69868
69860
69851
69839
69804
69792
69783
69776
69748
69745
69738
69696
69670
69659
69647
69639
69629
69607
69604
69598
69592
69584
69574
69564
69539
69519
69516
69507
69497
69497
69494
69493
69475
69467
69437
69436
69405
69402
69402
69396
69393
69393
69353
69339
69331
69323
69312
69298
69294
69288
69284
69255
69253
69248
69243
69235
69222
69203
69201
69201
69186
69186
69175
69164
69163
69155
69143
69140
69137
69134
69127
69127
69087
69079
69064
69057
69054
69052
69023
69016
69011
68980
68968
68967
68962
68946
68941
68921
68912
68899
68891
68889
68868
68840
68829
68794
68788
68775
68750
68749
68733
68707
68691
68691
68666
68666
68661
68642
68636
68629
68622
68617
68610
68609
68573
68560
68555
68552
68546
68533
68520
68491
68487
68487
68468
68458
68456
68448
68447
68442
68434
68426
68425
68395
68390
68390
68386
68381
68354
68319
68297
68292
68290
68278
68276
68274
68269
68258
68258
68258
68238
68204
68198
68194
68193
68183
68171
68167
68147
68136
68120
68100
68088
68079
68076
68075
68071
68040
68021
68008
68001
67985
67973
67960
67951
67935
67919
67912
67909
67908
67884
67879
67856
67848
67847
67833
67800
67789
67761
67754
67740
67737
67733
67726
67723
67720
67706
67705
67703
67701
67693
67690
67686
67667
67663
67658
67653
67650
67622
67619
67614
67611
67588
67584
67559
67551
67543
67540
67534
67519
67514
67508
67498
67480
67470
67469
67433
67429
67420
67418
67418
67416
67384
67383
67382
67358
67345
67343
67337
67323
67314
67313
67306
67303
67302
67302
67294
67291
67290
67289
67264
67261
67249
67249
67228
67224
67208
67180
67166
67148
67127
67125
67115
67099
67086
67072
67070
67067
67064
67057
67053
67022
67006
66989
66989
66988
66977
66962
66960
66955
66933
66930
66923
66918
66917
66917
66908
66902
66875
66863
66832
66812
66803
66794
66792
66782
66772
66766
66764
66761
66759
66747
66739
66738
66730
66721
66718
66703
66673
66654
66650
66625
66615
66587
66585
66576
66562
66558
66556
66535
66535
66512
66510
66488
66486
66485
66479
66475
66472
66471
66468
66456
66441
66439
66437
66411
66406
66395
66376
66372
66369
66368
66351
66341
66321
66315
66299
66290
66290
66289
66288
66247
66241
66238
66221
66219
66212
66210
66187
66183
66170
66150
66146
66146
66132
66128
66119
66101
66099
66099
66093
66081
66075
66059
66048
66033
66012
65993
65975
65964
65962
65960
65957
65956
65949
65942
65912
65904
65897
65894
65892
65878
65871
65862
65840
65812
65785
65753
65749
65747
65726
65719
65719
65713
65711
65701
65687
65673
65659
65631
65617
65617
65591
65587
65570
65566
65547
65536
65535
65514
65510
65499
65495
65491
65468
65462
65460
65451
65413
65411
65402
65395
65392
65371
65356
65335
65326
65306
65289
65275
65241
65238
65226
65218
65217
65210
65206
65177
65176
65166
65165
65153
65147
65140
65140
65127
65125
65123
65105
65104
65084
65074
65073
65067
65053
65048
65047
65044
65031
65023
65021
65021
65009
65008
65005
65001
64987
64965
64955
64954
64952
64942
64941
64936
64919
64916
64910
64898
64898
64897
64885
64878
64864
64861
64860
64853
64822
64821
64819
64813
64805
64784
64774
64760
64754
64748
64733
64729
64721
64712
64697
64689
64685
64682
64666
64664
64661
64651
64623
64594
64591
64553
64548
64535
64531
64503
64484
64442
64409
64395
64393
64385
64380
64372
64357
64339
64336
64333
64322
64294
64289
64287
64279
64277
64270
64252
64251
64246
64233
64206
64205
64201
64181
64169
64153
64150
64150
64121
64119
64088
64075
64070
64064
64048
64033
64026
64017
63994
63987
63984
63968
63963
63957
63953
63951
63949
63948
63948
63946
63933
63925
63918
63898
63888
63883
63868
63859
63835
63830
63827
63813
63801
63796
63795
63792
63788
63773
63772
63760
63756
63753
63715
63704
63704
63697
63676
63674
63665
63665
63663
63651
63635
63628
63616
63584
63574
63569
63558
63542
63534
63521
63517
63512
63505
63498
63497
63492
63477
63463
63461
63449
63446
63433
63430
63419
63419
63417
63393
63389
63376
63373
63366
63356
63332
63324
63318
63309
63294
63284
63258
63243
63226
63215
63208
63200
63191
63189
63186
63171
63136
63130
63118
63108
63085
63083
63055
63046
63040
63005
62995
62992
62983
62969
62964
62948
62939
62925
62915
62911
62906
62890
62884
62874
62871
62866
62860
62858
62842
62840
62821
62815
62806
62776
62775
62774
62771
62767
62763
62760
62755
62751
62718
62713
62706
62698
62682
62634
62609
62607
62592
62582
62578
62576
62573
62564
62518
62502
62471
62467
62452
62443
62439
62406
62396
62388
62381
62368
62367
62344
62340
62329
62328
62287
62285
62285
62256
62251
62231
62214
62206
62160
62147
62138
62133
62132
62127
62115
62104
62096
62089
62085
62077
62071
62059
62054
62053
62037
62017
62014
62012
62007
62005
61992
61986
61980
61950
61938
61934
61922
61910
61895
61866
61857
61838
61828
61827
61813
61807
61801
61798
61786
61777
61773
61769
61750
61745
61744
61731
61721
61706
61696
61696
61690
61688
61660
61644
61642
61642
61639
61621
61616
61578
61573
61565
61560
61560
61548
61488
61487
61469
61463
61457
61448
61424
61417
61399
61394
61391
61361
61360
61342
61337
61326
61316
61313
61312
61309
61308
61303
61294
61289
61273
61264
61253
61245
61195
61169
61154
61150
61139
61124
61122
61109
61072
61068
61064
61059
61048
61045
61031
61001
60996
60994
60990
60982
60973
60963
60950
60945
60940
60939
60934
60932
60910
60894
60889
60863
60860
60840
60832
60830
60830
60797
60790
60776
60741
60735
60712
60707
60696
60695
60686
60663
60651
60632
60631
60618
60615
60610
60587
60578
60555
60550
60549
60545
60536
60532
60525
60525
60525
60513
60494
60473
60458
60431
60424
60421
60394
60385
60369
60361
60352
60346
60344
60313
60294
60293
60283
60279
60254
60250
60246
60245
60228
60222
60220
60216
60196
60189
60176
60115
60114
60114
60086
60085
60083
60060
60051
60046
60044
60028
60015
60013
60003
59989
59979
59968
59947
59945
59919
59916
59915
59909
59902
59888
59880
59877
59863
59838
59832
59808
59792
59787
59785
59782
59769
59753
59709
59693
59692
59692
59686
59663
59651
59651
59648
59647
59611
59606
59605
59582
59574
59568
59564
59556
59554
59553
59525
59523
59518
59507
59479
59477
59476
59471
59461
59451
59443
59442
59441
59433
59412
59411
59400
59398
59389
59367
59324
59313
59287
59272
59269
59265
59256
59219
59215
59211
59200
59198
59194
59190
59185
59174
59171
59162
59131
59125
59120
59119
59116
59104
59091
59090
59089
59073
59072
59071
59067
59062
59058
59046
59041
59033
59032
59021
58996
58985
58981
58967
58951
58929
58928
58923
58917
58915
58907
58901
58899
58899
58879
58879
58874
58864
58864
58847
58842
58826
58824
58823
58817
58814
58799
58786
58754
58735
58726
58722
58714
58711
58709
58708
58699
58695
58686
58679
58674
58632
58599
58596
58591
58559
58558
58558
58555
58545
58528
58523
58519
58517
58513
58512
58512
58504
58499
58489
58468
58461
58441
58418
58415
58405
58377
58373
58370
58365
58344
58338
58334
58325
58316
58313
58305
58297
58274
58261
58258
58256
58244
58241
58225
58225
58220
58219
58217
58212
58194
58181
58169
58157
58150
58135
58103
58102
58096
58092
58081
58075
58069
58060
58047
58045
58027
58019
58006
57999
57996
57993
57989
57987
57984
57976
57969
57936
57934
57931
57923
57920
57892
57884
57869
57861
57843
57840
57798
57780
57768
57756
57735
57701
57693
57673
57667
57664
57663
57660
57622
57599
57598
57584
57576
57570
57569
57566
57566
57560
57542
57500
57497
57486
57485
57480
57458
57439
57422
57413
57404
57395
57372
57370
57359
57343
57299
57291
57287
57285
57280
57262
57246
57241
57241
57211
57208
57206
57193
57169
57156
57154
57153
57100
57090
57085
57079
57078
57054
57050
57049
57049
57026
57021
57012
57012
57010
57008
56997
56990
56985
56976
56970
56964
56959
56945
56943
56930
56929
56927
56924
56909
56906
56898
56886
56872
56870
56858
56820
56813
56811
56809
56803
56782
56770
56761
56755
56755
56753
56750
56746
56738
56737
56713
56712
56709
56694
56687
56684
56683
56678
56674
56670
56648
56648
56639
56635
56634
56613
56606
56605
56600
56595
56580
56580
56562
56556
56545
56537
56536
56521
56519
56515
56495
56492
56484
56462
56439
56436
56406
56393
56372
56372
56357
56347
56343
56343
56319
56310
56304
56286
56283
56223
56219
56210
56205
56174
56164
56161
56141
56139
56126
56115
56100
56098
56095
56027
56020
56018
56017
56014
56002
55971
55949
55926
55923
55897
55893
55859
55844
55835
55835
55821
55809
55781
55778
55774
55772
55753
55751
55744
55734
55724
55710
55706
55683
55681
55680
55676
55676
55666
55658
55646
55621
55620
55613
55608
55591
55589
55589
55505
55501
55496
55488
55479
55476
55474
55469
55467
55465
55461
55455
55423
55411
55402
55393
55390
55380
55370
55359
55343
55342
55340
55332
55326
55324
55322
55296
55292
55283
55256
55245
55243
55227
55221
55221
55213
55189
55188
55169
55166
55157
55130
55124
55118
55109
55105
55104
55081
55075
55072
55044
55041
55013
55011
55008
55007
54989
54964
54955
54947
54943
54940
54929
54906
54890
54884
54878
54870
54869
54861
54840
54785
54782
54768
54761
54758
54748
54710
54694
54687
54665
54658
54644
54631
54615
54596
54577
54556
54548
54513
54506
54501
54456
54419
54417
54396
54392
54390
54390
54381
54379
54375
54373
54366
54351
54337
54314
54311
54299
54282
54276
54263
54259
54243
54237
54199
54188
54169
54156
54138
54125
54120
54118
54113
54110
54107
54097
54087
54084
54081
54073
54068
54067
54052
54050
54049
54045
54044
54044
54038
54031
53992
53982
53964
53963
53959
53925
53920
53907
53898
53889
53889
53886
53884
53881
53867
53865
53848
53836
53824
53816
53810
53808
53802
53795
53785
53770
53767
53767
53766
53760
53747
53738
53734
53686
53685
53683
53642
53619
53619
53616
53601
53599
53572
53569
53561
53558
53539
53533
53533
53490
53480
53469
53468
53425
53421
53420
53417
53379
53363
53361
53353
53348
53346
53344
53341
53319
53302
53302
53301
53284
53281
53264
53261
53236
53223
53220
53179
53176
53173
53168
53152
53149
53146
53141
53140
53125
53123
53119
53113
53095
53094
53089
53067
53062
53062
53049
53034
53032
53031
53027
53026
53002
52981
52969
52952
52934
52911
52909
52906
52904
52902
52896
52888
52876
52856
52847
52834
52805
52795
52794
52794
52790
52785
52777
52771
52759
52734
52727
52716
52706
52699
52688
52687
52671
52652
52635
52626
52594
52589
52581
52546
52544
52543
52541
52531
52519
52492
52492
52478
52470
52466
52466
52465
52455
52418
52407
52395
52391
52389
52367
52362
52359
52358
52332
52331
52329
52329
52318
52302
52296
52293
52286
52284
52268
52267
52267
52252
52252
52240
52238
52237
52211
52209
52199
52198
52196
52181
52167
52136
52135
52130
52098
52082
52011
52008
52006
52006
52000
51995
51981
51979
51967
51955
51940
51938
51929
51917
51917
51904
51899
51872
51848
51825
51822
51809
51780
51774
51773
51772
51767
51765
51764
51726
51725
51710
51706
51704
51701
51700
51694
51683
51668
51661
51636
51629
51623
51622
51614
51604
51603
51600
51585
51572
51571
51570
51561
51526
51526
51512
51505
51500
51500
51498
51496
51494
51468
51464
51459
51427
51426
51423
51407
51395
51392
51384
51383
51379
51369
51322
51298
51294
51288
51285
51269
51268
51267
51246
51178
51178
51175
51159
51158
51158
51152
51147
51145
51144
51099
51096
51095
51087
51063
51051
51024
51004
50999
50982
50973
50935
50925
50918
50914
50894
50889
50872
50872
50867
50867
50850
50839
50820
50818
50816
50813
50800
50796
50789
50776
50773
50766
50752
50736
50722
50719
50711
50709
50705
50702
50692
50662
50659
50643
50631
50613
50601
50589
50566
50565
50564
50562
50557
50548
50537
50525
50519
50495
50486
50484
50481
50469
50462
50433
50429
50422
50421
50403
50403
50395
50391
50359
50355
50344
50341
50337
50316
50308
50282
50275
50270
50252
50238
50233
50201
50194
50190
50182
50181
50180
50163
50157
50150
50147
50145
50130
50129
50095
50087
50081
50078
50078
50076
50074
50050
50043
50034
50031
50030
49997
49980
49975
49970
49965
49965
49923
49922
49901
49892
49889
49869
49819
49818
49808
49786
49783
49782
49768
49751
49748
49748
49738
49720
49709
49703
49701
49686
49657
49657
49656
49644
49632
49625
49623
49618
49612
49602
49601
49596
49588
49583
49577
49557
49550
49540
49538
49533
49531
49515
49507
49501
49490
49473
49470
49436
49429
49390
49389
49388
49387
49381
49375
49367
49365
49358
49357
49319
49317
49311
49310
49308
49300
49273
49272
49271
49263
49240
49231
49211
49205
49201
49182
49180
49178
49096
49085
49079
49056
49040
49036
49024
49014
49009
49008
49007
49005
49004
48989
48987
48976
48953
48952
48933
48911
48890
48883
48864
48861
48860
48854
48844
48833
48824
48812
48795
48790
48774
48773
48772
48768
48766
48724
48705
48698
48698
48671
48662
48661
48659
48605
48599
48589
48587
48587
48578
48570
48556
48537
48536
48531
48525
48519
48487
48482
48472
48442
48442
48441
48427
48419
48414
48406
48386
48384
48378
48363
48327
48323
48323
48322
48314
48280
48257
48245
48235
48228
48203
48192
48171
48167
48149
48148
48140
48127
48118
48108
48106
48104
48094
48087
48074
48069
48065
48035
48018
48004
47993
47983
47956
47950
47945
47941
47938
47932
47923
47918
47917
47912
47910
47894
47893
47881
47881
47869
47839
47825
47822
47820
47817
47814
47793
47790
47737
47734
47718
47705
47703
47698
47685
47683
47657
47648
47635
47631
47605
47605
47588
47588
47580
47569
47569
47552
47533
47530
47529
47525
47512
47506
47497
47484
47476
47464
47450
47440
47438
47435
47430
47422
47420
47414
47411
47404
47398
47394
47394
47387
47359
47358
47344
47344
47342
47334
47315
47312
47310
47291
47282
47280
47270
47264
47262
47262
47262
47258
47252
47235
47230
47228
47225
47219
47209
47206
47168
47164
47120
47104
47077
47076
47075
47068
47059
47057
47056
47049
47040
47039
47012
46997
46991
46970
46966
46949
46946
46940
46926
46917
46911
46905
46905
46891
46884
46853
46852
46845
46809
46805
46779
46775
46773
46772
46743
46739
46729
46724
46685
46680
46672
46648
46643
46629
46627
46626
46618
46617
46603
46600
46585
46585
46571
46555
46551
46494
46491
46471
46468
46457
46448
46448
46443
46440
46432
46431
46416
46402
46365
46356
46333
46327
46326
46309
46300
46300
46300
46298
46284
46282
46281
46280
46265
46233
46229
46222
46218
46214
46214
46210
46201
46195
46194
46179
46161
46121
46120
46109
46077
46073
46070
46058
46052
46044
46017
45993
45991
45965
45940
45921
45916
45903
45892
45881
45859
45848
45837
45828
45806
45796
45789
45787
45776
45762
45759
45757
45751
45744
45741
45740
45740
45732
45699
45693
45669
45668
45668
45663
45652
45630
45624
45607
45603
45590
45578
45564
45553
45544
45544
45534
45520
45502
45502
45493
45453
45444
45440
45431
45405
45403
45384
45378
45376
45368
45352
45347
45338
45331
45322
45319
45292
45289
45282
45282
45271
45257
45253
45236
45233
45221
45212
45212
45189
45186
45183
45174
45144
45140
45115
45071
45064
45062
45056
45052
45031
45017
45005
45003
44998
44989
44970
44963
44957
44939
44937
44930
44921
44910
44886
44881
44863
44798
44794
44784
44766
44746
44705
44683
44680
44677
44675
44663
44662
44658
44656
44651
44644
44643
44642
44637
44631
44628
44613
44609
44600
44591
44588
44582
44562
44558
44553
44545
44510
44488
44467
44455
44445
44443
44441
44396
44385
44382
44375
44370
44351
44347
44334
44331
44325
44305
44303
44285
44277
44272
44268
44246
44231
44228
44223
44209
44204
44201
44198
44197
44193
44193
44182
44178
44177
44173
44172
44152
44150
44144
44128
44096
44069
44063
44060
44048
44045
44024
44019
43995
43972
43962
43944
43929
43920
43903
43881
43881
43881
43864
43859
43856
43847
43821
43808
43792
43771
43756
43729
43724
43722
43716
43712
43707
43677
43668
43662
43662
43659
43651
43641
43633
43630
43629
43611
43590
43568
43563
43545
43545
43537
43531
43523
43510
43510
43510
43477
43469
43455
43453
43436
43435
43435
43431
43429
43418
43402
43390
43388
43385
43342
43329
43327
43318
43295
43289
43284
43278
43278
43268
43247
43230
43219
43214
43213
43211
43197
43194
43182
43171
43169
43161
43137
43136
43129
43119
43108
43083
43083
43072
43072
43070
43057
43055
43036
43018
43018
42993
42976
42975
42966
42957
42954
42945
42909
42907
42906
42900
42898
42896
42881
42875
42854
42847
42842
42842
42837
42763
42761
42733
42711
42687
42685
42657
42651
42630
42628
42621
42611
42608
42594
42594
42594
42589
42571
42550
42541
42533
42524
42522
42493
42483
42480
42443
42439
42436
42429
42429
42428
42425
42417
42392
42390
42369
42355
42342
42340
42323
42314
42307
42306
42304
42302
42293
42276
42262
42255
42252
42247
42235
42229
42227
42219
42209
42178
42166
42162
42159
42156
42144
42132
42118
42103
42077
42074
42067
42062
42058
42044
42042
42040
42040
42034
42004
42003
41997
41983
41953
41946
41938
41937
41925
41919
41900
41875
41863
41859
41842
41841
41837
41827
41813
41807
41804
41801
41775
41772
41754
41741
41717
41717
41714
41697
41688
41680
41670
41670
41661
41657
41652
41647
41641
41636
41632
41621
41612
41607
41592
41588
41583
41568
41568
41554
41548
41545
41526
41525
41504
41493
41463
41447
41442
41442
41406
41401
41398
41389
41361
41359
41357
41348
41295
41275
41270
41241
41232
41228
41223
41171
41165
41147
41142
41137
41131
41121
41120
41120
41115
41105
41091
41057
41052
41034
40995
40992
40980
40975
40972
40969
40964
40963
40960
40943
40928
40922
40921
40915
40904
40892
40860
40856
40839
40832
40832
40828
40822
40816
40815
40807
40805
40801
40757
40746
40736
40721
40711
40710
40706
40697
40691
40688
40682
40679
40657
40654
40633
40624
40595
40591
40587
40579
40573
40567
40535
40535
40527
40518
40505
40500
40497
40495
40492
40484
40473
40472
40471
40434
40429
40413
40400
40400
40388
40387
40383
40361
40347
40339
40323
40319
40316
40316
40300
40299
40295
40294
40277
40277
40266
40263
40258
40227
40223
40218
40212
40205
40157
40134
40132
40128
40106
40100
40096
40082
40071
40071
40056
40040
40034
40028
40014
39999
39985
39979
39958
39955
39940
39927
39927
39916
39915
39883
39879
39874
39869
39860
39824
39824
39823
39822
39800
39793
39793
39778
39768
39767
39736
39708
39704
39695
39691
39687
39685
39681
39678
39676
39640
39638
39636
39631
39629
39601
39592
39590
39583
39574
39573
39570
39558
39536
39529
39517
39502
39488
39485
39481
39468
39465
39458
39425
39418
39395
39393
39388
39384
39369
39359
39358
39314
39309
39307
39300
39287
39274
39243
39238
39225
39212
39212
39209
39173
39171
39143
39125
39125
39120
39119
39073
39071
39066
39065
39045
39045
39031
39029
39024
39019
39018
38981
38959
38951
38950
38944
38939
38935
38927
38918
38916
38915
38908
38907
38904
38896
38892
38881
38878
38875
38869
38861
38860
38856
38841
38839
38813
38800
38791
38788
38784
38778
38776
38737
38708
38708
38689
38677
38663
38653
38648
38641
38624
38620
38618
38616
38612
38608
38522
38496
38490
38484
38472
38472
38464
38461
38456
38446
38428
38423
38422
38421
38420
38416
38412
38407
38402
38399
38398
38392
38391
38390
38380
38378
38375
38370
38358
38354
38346
38338
38334
38330
38329
38315
38301
38285
38269
38245
38206
38185
38183
38172
38160
38142
38130
38121
38078
38059
38052
38052
38051
38044
38044
38032
38026
38004
37996
37993
37990
37988
37983
37947
37944
37941
37931
37928
37928
37923
37912
37902
37899
37896
37893
37892
37878
37877
37876
37875
37871
37816
37790
37751
37750
37744
37740
37728
37704
37698
37689
37683
37678
37638
37628
37611
37608
37599
37574
37570
37561
37539
37537
37508
37492
37486
37481
37468
37465
37456
37453
37445
37428
37427
37405
37379
37378
37360
37356
37355
37346
37340
37337
37319
37313
37298
37293
37289
37274
37264
37250
37237
37215
37211
37194
37193
37192
37184
37169
37142
37117
37117
37116
37114
37098
37097
37088
37085
37071
37060
37055
37054
37053
37049
37048
37024
37022
37018
37016
37007
37003
36999
36983
36960
36935
36908
36900
36898
36871
36855
36849
36834
36806
36803
36803
36796
36774
36766
36752
36745
36743
36742
36738
36723
36674
36672
36639
36618
36611
36609
36604
36601
36601
36572
36565
36551
36550
36544
36543
36539
36504
36498
36485
36457
36457
36448
36440
36435
36426
36403
36393
36380
36353
36341
36339
36333
36330
36315
36314
36294
36287
36285
36269
36223
36221
36196
36195
36186
36172
36167
36158
36156
36154
36142
36134
36132
36131
36129
36110
36106
36088
36079
36076
36067
36064
36052
36042
36022
36013
36000
35993
35986
35975
35952
35946
35932
35926
35907
35906
35891
35875
35848
35836
35826
35817
35808
35760
35759
35732
35701
35685
35683
35668
35664
35659
35658
35645
35642
35628
35610
35602
35591
35586
35558
35554
35534
35533
35522
35520
35509
35479
35462
35448
35446
35444
35433
35422
35401
35388
35386
35384
35373
35352
35350
35342
35328
35320
35318
35286
35282
35281
35227
35224
35222
35206
35195
35183
35181
35178
35175
35160
35153
35119
35102
35091
35072
35057
35057
35052
35046
35021
35004
35000
34984
34974
34968
34960
34951
34947
34937
34936
34929
34923
34906
34898
34889
34888
34879
34877
34859
34832
34822
34808
34800
34794
34781
34780
34726
34712
34707
34706
34698
34696
34692
34687
34684
34682
34668
34639
34637
34616
34597
34591
34587
34581
34575
34571
34559
34556
34546
34533
34529
34523
34521
34511
34495
34492
34492
34488
34484
34478
34476
34470
34470
34444
34427
34427
34404
34396
34394
34394
34390
34387
34377
34364
34356
34337
34335
34321
34319
34315
34310
34310
34291
34288
34282
34278
34272
34268
34263
34255
34244
34242
34239
34236
34227
34227
34218
34210
34207
34205
34204
34188
34180
34163
34153
34145
34129
34114
34091
34088
34087
34081
34066
34037
34034
34030
34030
34029
34020
34015
34003
33972
33961
33944
33939
33908
33907
33895
33886
33877
33860
33856
33846
33840
33838
33815
33810
33807
33792
33784
33776
33776
33773
33773
33766
33764
33761
33754
33753
33742
33741
33739
33737
33723
33717
33711
33711
33709
33701
33690
33662
33651
33638
33634
33598
33583
33560
33550
33547
33539
33537
33516
33498
33494
33492
33488
33484
33472
33471
33467
33449
33436
33417
33400
33384
33370
33363
33350
33320
33320
33303
33302
33288
33284
33274
33274
33267
33254
33254
33229
33211
33194
33172
33170
33168
33166
33163
33140
33139
33136
33136
33124
33120
33110
33079
33077
33070
33069
33064
33058
33054
33053
33037
33005
33003
33000
32996
32980
32975
32970
32961
32957
32952
32945
32940
32936
32925
32920
32896
32895
32895
32875
32862
32847
32838
32829
32818
32817
32802
32801
32797
32792
32786
32766
32751
32747
32747
32722
32706
32653
32649
32646
32646
32621
32608
32602
32598
32583
32579
32572
32550
32550
32528
32520
32519
32513
32489
32484
32482
32473
32471
32459
32454
32450
32440
32424
32413
32410
32399
32393
32381
32381
32366
32363
32363
32352
32348
32345
32330
32315
32312
32291
32281
32263
32252
32251
32240
32237
32232
32226
32194
32181
32179
32176
32167
32155
32148
32125
32120
32118
32117
32106
32090
32085
32072
32050
32035
32031
31996
31985
31977
31970
31966
31965
31964
31962
31945
31934
31932
31927
31923
31918
31901
31889
31888
31872
31853
31848
31839
31837
31826
31801
31798
31795
31781
31746
31741
31734
31724
31724
31724
31716
31712
31705
31703
31691
31690
31683
31679
31676
31647
31634
31633
31632
31602
31595
31583
31569
31568
31565
31562
31541
31529
31521
31520
31518
31500
31481
31472
31462
31459
31447
31437
31436
31431
31427
31427
31401
31395
31388
31383
31367
31360
31322
31297
31292
31288
31286
31254
31250
31250
31241
31225
31214
31207
31206
31198
31193
31191
31189
31171
31154
31125
31121
31112
31106
31104
31087
31078
31073
31073
31070
31066
31058
31055
31055
31053
31039
31028
31008
31002
30984
30970
30965
30955
30953
30935
30931
30913
30913
30911
30908
30900
30874
30873
30863
30862
30855
30854
30852
30833
30823
30809
30809
30805
30803
30786
30783
30753
30752
30739
30735
30720
30713
30702
30685
30664
30664
30648
30647
30646
30644
30636
30615
30614
30613
30609
30602
30593
30589
30586
30578
30578
30559
30532
30529
30523
30517
30508
30496
30490
30486
30476
30472
30456
30449
30443
30431
30422
30421
30420
30417
30413
30411
30394
30385
30373
30328
30308
30294
30277
30259
30255
30251
30243
30243
30238
30236
30236
30233
30228
30186
30177
30176
30173
30169
30150
30136
30126
30106
30099
30095
30093
30084
30081
30067
30063
30041
30039
30037
30032
30025
30005
29996
29994
29986
29979
29967
29935
29928
29919
29910
29906
29903
29900
29891
29874
29850
29835
29816
29815
29792
29791
29777
29753
29746
29738
29730
29705
29682
29656
29647
29645
29644
29644
29631
29602
29595
29587
29581
29566
29552
29549
29544
29524
29506
29498
29483
29467
29433
29419
29415
29387
29383
29376
29372
29365
29347
29336
29314
29289
29283
29270
29269
29266
29241
29218
29208
29204
29167
29165
29164
29124
29114
29113
29111
29108
29100
29095
29075
29054
29052
29043
29029
29010
28990
28977
28976
28960
28947
28946
28933
28928
28923
28918
28907
28896
28889
28888
28885
28865
28842
28841
28838
28837
28823
28807
28804
28794
28781
28778
28772
28766
28763
28754
28737
28723
28704
28687
28660
28658
28652
28638
28623
28621
28619
28604
28602
28592
28591
28589
28579
28570
28552
28550
28499
28477
28471
28470
28462
28449
28446
28436
28426
28425
28412
28412
28412
28386
28368
28355
28350
28347
28345
28333
28332
28320
28318
28316
28305
28293
28289
28288
28274
28272
28271
28268
28264
28251
28243
28232
28224
28223
28219
28214
28211
28209
28202
28190
28184
28184
28181
28163
28155
28146
28131
28118
28099
28092
28068
28064
28063
28063
28056
28055
28053
28051
28046
28044
28035
28026
28021
28011
28009
28005
28003
28003
27998
27984
27977
27970
27967
27917
27911
27892
27883
27869
27848
27840
27829
27820
27792
27777
27776
27769
27762
27742
27730
27728
27717
27712
27710
27708
27708
27700
27695
27669
27662
27654
27650
27642
27630
27627
27614
27608
27598
27575
27555
27545
27542
27538
27533
27532
27528
27525
27521
27517
27508
27504
27496
27493
27490
27480
27479
27478
27472
27469
27465
27465
27465
27464
27427
27420
27363
27358
27341
27339
27333
27325
27292
27266
27259
27256
27249
27248
27244
27242
27232
27218
27216
27212
27212
27205
27203
27202
27185
27144
27135
27128
27116
27091
27085
27077
27072
27055
27035
27034
27029
26988
26988
26979
26976
26971
26967
26959
26946
26942
26920
26919
26918
26916
26911
26891
26884
26868
26853
26851
26829
26828
26825
26796
26785
26783
26783
26765
26761
26758
26747
26745
26708
26690
26667
26664
26653
26644
26643
26635
26632
26632
26602
26584
26577
26566
26531
26529
26527
26523
26522
26516
26513
26513
26511
26509
26498
26467
26465
26460
26460
26457
26451
26450
26446
26440
26429
26403
26374
26361
26350
26296
26294
26286
26275
26271
26269
26257
26237
26221
26210
26193
26184
26178
26171
26151
26150
26139
26100
26097
26094
26075
26072
26067
26052
26052
26044
26044
26025
26024
26023
26020
26017
25990
25986
25980
25967
25960
25957
25939
25915
25889
25876
25868
25864
25862
25860
25859
25845
25831
25822
25819
25810
25798
25795
25776
25765
25755
25748
25743
25740
25724
25722
25692
25678
25677
25672
25669
25664
25657
25653
25642
25622
25611
25607
25597
25594
25591
25590
25578
25562
25561
25550
25543
25524
25505
25449
25446
25441
25433
25426
25420
25412
25411
25405
25404
25398
25397
25384
25381
25377
25367
25365
25354
25342
25323
25317
25307
25306
25303
25300
25297
25296
25258
25250
25236
25232
25209
25200
25198
25192
25180
25174
25170
25152
25138
25135
25112
25104
25100
25097
25094
25093
25085
25056
25056
25053
25042
25039
25007
25005
24994
24984
24979
24954
24949
24946
24936
24926
24918
24912
24850
24847
24844
24838
24830
24812
24811
24810
24809
24793
24793
24792
24790
24775
24768
24742
24730
24730
24706
24696
24694
24690
24688
24669
24658
24648
24645
24636
24633
24632
24604
24603
24592
24589
24558
24554
24545
24509
24469
24466
24461
24457
24450
24410
24397
24397
24394
24392
24392
24382
24365
24364
24340
24327
24326
24322
24312
24299
24281
24271
24270
24250
24249
24244
24244
24234
24214
24211
24208
24185
24178
24165
24152
24149
24142
24107
24100
24095
24070
24062
24056
24048
24043
24028
24018
24010
24006
24006
24004
23985
23982
23970
23966
23953
23953
23952
23948
23942
23905
23894
23893
23886
23881
23876
23864
23864
23852
23839
23828
23821
23817
23780
23771
23767
23762
23758
23743
23743
23724
23713
23702
23675
23670
23653
23607
23603
23594
23582
23570
23545
23532
23530
23527
23517
23516
23504
23494
23456
23449
23432
23426
23425
23421
23389
23388
23379
23372
23354
23345
23330
23321
23319
23299
23289
23275
23268
23263
23262
23261
23258
23255
23243
23241
23240
23239
23236
23223
23216
23169
23160
23157
23153
23120
23119
23117
23112
23108
23105
23096
23086
23081
23074
23070
23065
23063
23055
23043
23005
23003
23000
23000
22989
22983
22980
22980
22977
22974
22970
22966
22926
22910
22899
22897
22891
22888
22886
22877
22874
22851
22842
22838
22829
22814
22807
22806
22793
22792
22787
22782
22778
22768
22763
22745
22740
22728
22727
22710
22703
22686
22668
22655
22646
22631
22611
22590
22582
22581
22569
22569
22560
22544
22539
22532
22525
22524
22518
22510
22505
22483
22475
22465
22458
22455
22448
22443
22441
22431
22418
22407
22405
22402
22392
22391
22370
22365
22363
22362
22350
22349
22349
22346
22330
22318
22314
22306
22301
22294
22287
22285
22278
22270
22264
22237
22228
22202
22200
22197
22195
22188
22187
22175
22173
22156
22142
22108
22106
22089
22088
22087
22086
22043
22030
22017
22008
22004
22002
22001
21991
21989
21969
21965
21962
21959
21955
21953
21953
21946
21937
21930
21901
21900
21889
21874
21872
21799
21797
21792
21772
21767
21755
21735
21718
21713
21709
21702
21695
21692
21688
21685
21677
21667
21663
21662
21661
21652
21649
21634
21618
21617
21603
21589
21563
21561
21558
21545
21493
21473
21467
21435
21422
21405
21391
21374
21364
21364
21353
21343
21314
21308
21296
21273
21249
21247
21202
21201
21161
21155
21154
21143
21140
21138
21135
21105
21103
21099
21079
21048
21029
21002
20974
20974
20970
20969
20967
20957
20928
20912
20910
20909
20902
20902
20885
20878
20859
20858
20858
20840
20838
20834
20832
20822
20813
20808
20774
20756
20753
20746
20743
20733
20711
20708
20708
20704
20701
20693
20684
20646
20636
20632
20622
20570
20568
20555
20555
20538
20537
20527
20524
20521
20511
20482
20481
20469
20467
20449
20447
20440
20439
20435
20433
20422
20416
20406
20384
20384
20383
20382
20374
20371
20365
20354
20340
20336
20331
20330
20305
20303
20302
20300
20294
20289
20284
20274
20269
20260
20259
20250
20250
20205
20201
20187
20175
20173
20173
20168
20154
20146
20143
20123
20118
20108
20106
20100
20093
20082
20056
20046
20038
20033
20032
20030
20028
20012
19987
19980
19964
19956
19948
19930
19930
19926
19920
19907
19904
19881
19872
19871
19871
19855
19837
19834
19808
19785
19774
19770
19767
19755
19753
19735
19712
19711
19708
19690
19689
19649
19647
19631
19624
19602
19593
19585
19579
19576
19569
19567
19566
19562
19549
19514
19497
19489
19481
19474
19473
19464
19454
19448
19420
19412
19398
19394
19384
19378
19376
19374
19374
19372
19357
19347
19312
19278
19266
19265
19257
19256
19250
19240
19208
19201
19192
19185
19174
19163
19158
19151
19147
19140
19133
19122
19121
19119
19118
19094
19093
19090
19085
19078
19075
19057
19012
19008
19002
18992
18983
18962
18961
18946
18938
18925
18908
18898
18891
18890
18877
18875
18874
18869
18837
18824
18811
18806
18800
18794
18772
18771
18771
18771
18758
18747
18738
18738
18724
18711
18692
18686
18681
18676
18673
18670
18667
18652
18633
18626
18604
18589
18584
18567
18566
18565
18564
18564
18562
18558
18534
18505
18498
18491
18485
18477
18469
18466
18464
18462
18452
18446
18446
18440
18434
18412
18407
18384
18355
18354
18341
18330
18324
18313
18291
18259
18247
18242
18238
18236
18222
18188
18183
18181
18175
18172
18170
18170
18169
18162
18138
18131
18119
18100
18095
18072
18055
18052
18022
18010
18008
18007
17990
17989
17989
17974
17971
17963
17946
17942
17940
17927
17916
17915
17875
17839
17836
17821
17817
17814
17780
17744
17743
17739
17737
17727
17710
17693
17677
17652
17644
17637
17632
17630
17618
17610
17606
17605
17596
17591
17590
17577
17576
17566
17560
17548
17546
17545
17542
17529
17527
17512
17503
17503
17484
17462
17449
17439
17436
17435
17432
17428
17421
17415
17375
17354
17343
17334
17334
17333
17329
17322
17317
17297
17292
17275
17263
17239
17230
17190
17188
17186
17183
17178
17172
17162
17160
17142
17138
17136
17132
17119
17117
17085
17085
17068
17061
17058
17049
17036
17034
17025
17022
17009
16998
16993
16984
16972
16972
16912
16908
16894
16885
16884
16883
16862
16857
16809
16808
16798
16795
16794
16776
16773
16760
16756
16751
16731
16729
16728
16725
16719
16714
16709
16695
16695
16690
16689
16667
16665
16665
16637
16602
16602
16589
16584
16563
16559
16544
16532
16528
16500
16498
16498
16480
16451
16450
16448
16448
16444
16437
16435
16402
16395
16379
16348
16313
16312
16310
16282
16277
16261
16219
16212
16203
16195
16189
16174
16152
16145
16136
16128
16109
16088
16085
16072
16069
16064
16026
16021
16004
16000
15999
15964
15952
15949
15934
15929
15926
15916
15915
15907
15891
15884
15880
15876
15874
15873
15865
15840
15837
15826
15823
15821
15789
15772
15762
15752
15751
15736
15684
15673
15667
15659
15622
15610
15601
15599
15589
15584
15575
15562
15561
15548
15510
15503
15471
15454
15454
15451
15445
15438
15419
15412
15394
15383
15366
15344
15335
15324
15315
15298
15279
15269
15259
15249
15226
15219
15210
15204
15196
15194
15188
15159
15154
15147
15114
15106
15098
15076
15068
15059
15056
15048
15027
15013
15004
14915
14905
14897
14892
14880
14877
14877
14866
14854
14842
14837
14829
14811
14804
14796
14780
14773
14773
14762
14761
14758
14748
14721
14712
14703
14703
14686
14685
14661
14650
14640
14636
14629
14619
14616
14610
14593
14589
14585
14582
14569
14563
14559
14557
14531
14523
14512
14505
14503
14466
14463
14462
14454
14441
14432
14429
14426
14420
14408
14396
14389
14375
14342
14338
14318
14315
14305
14300
14291
14288
14274
14273
14269
14258
14253
14252
14238
14237
14229
14218
14215
14207
14199
14198
14184
14183
14182
14173
14158
14158
14142
14136
14128
14122
14099
14098
14084
14075
14066
14065
14055
14054
14029
14006
14004
13997
13985
13955
13951
13937
13907
13905
13897
13893
13884
13860
13859
13858
13851
13848
13836
13834
13797
13787
13750
13747
13737
13728
13704
13703
13698
13679
13641
13637
13620
13601
13572
13569
13562
13555
13545
13543
13530
13528
13519
13512
13485
13474
13470
13450
13445
13429
13427
13425
13424
13410
13405
13391
13382
13378
13350
13347
13339
13332
13332
13329
13320
13290
13287
13267
13260
13258
13256
13255
13254
13253
13247
13235
13234
13201
13201
13161
13159
13141
13128
13118
13118
13105
13100
13093
13083
13071
13070
13053
13051
13050
13034
13012
12953
12953
12950
12928
12915
12911
12867
12852
12830
12814
12807
12797
12772
12771
12759
12757
12731
12728
12723
12713
12706
12697
12695
12694
12694
12661
12658
12652
12643
12642
12636
12632
12630
12627
12617
12615
12607
12607
12590
12582
12573
12559
12553
12552
12531
12529
12523
12509
12507
12495
12494
12490
12479
12467
12454
12441
12436
12427
12417
12406
12398
12384
12371
12371
12370
12358
12354
12331
12322
12315
12294
12279
12262
12253
12252
12228
12228
12227
12225
12197
12193
12190
12173
12169
12155
12153
12144
12134
12130
12129
12125
12125
12123
12114
12098
12082
12075
12072
12068
12065
12063
12043
12027
12018
12001
11993
11987
11956
11949
11944
11928
11919
11919
11910
11899
11892
11878
11861
11855
11815
11809
11804
11792
11759
11758
11756
11749
11727
11720
11715
11705
11701
11695
11694
11683
11680
11675
11662
11661
11657
11654
11650
11643
11638
11634
11626
11616
11599
11598
11597
11596
11592
11583
11567
11566
11558
11550
11547
11542
11541
11536
11513
11496
11486
11485
11478
11469
11449
11446
11433
11415
11407
11390
11383
11375
11369
11347
11343
11294
11288
11282
11281
11274
11270
11270
11259
11249
11238
11236
11224
11224
11223
11218
11204
11185
11182
11178
11173
11164
11157
11134
11131
11115
11071
11055
11047
11043
11024
11022
11020
11014
11013
11010
11006
11003
11000
10986
10978
10964
10962
10954
10939
10935
10932
10922
10917
10914
10910
10908
10897
10897
10895
10895
10893
10885
10858
10839
10835
10834
10810
10800
10790
10784
10783
10745
10740
10730
10719
10709
10703
10696
10677
10673
10663
10662
10640
10630
10629
10628
10597
10589
10555
10554
10547
10544
10536
10500
10499
10474
10463
10459
10429
10418
10416
10412
10399
10390
10379
10378
10375
10363
10362
10351
10338
10304
10295
10284
10276
10231
10230
10227
10224
10221
10221
10214
10207
10206
10201
10197
10195
10187
10180
10177
10176
10175
10167
10160
10151
10148
10134
10120
10114
10110
10095
10076
10076
10050
10045
10044
10040
10039
10033
10028
10022
10021
10019
10015
10011
10000
9996
9995
9994
9992
9983
9981
9960
9943
9940
9917
9914
9889
9859
9840
9816
9810
9788
9778
9775
9770
9754
9721
9712
9699
9685
9682
9682
9681
9674
9670
9660
9658
9640
9637
9629
9625
9615
9609
9593
9593
9585
9580
9572
9563
9560
9548
9531
9520
9520
9518
9503
9500
9477
9470
9469
9466
9452
9446
9443
9438
9438
9435
9429
9426
9421
9390
9366
9365
9344
9337
9332
9328
9320
9319
9296
9295
9288
9287
9256
9250
9244
9219
9218
9216
9216
9191
9190
9184
9138
9134
9129
9128
9123
9114
9110
9101
9095
9087
9084
9074
9069
9068
9062
9059
9057
9053
9037
9035
9035
9030
9008
9004
8987
8982
8978
8973
8967
8963
8937
8935
8932
8926
8909
8901
8897
8871
8853
8852
8835
8820
8787
8783
8771
8768
8730
8729
8708
8699
8699
8679
8667
8658
8658
8657
8651
8638
8632
8630
8625
8618
8603
8590
8589
8583
8558
8544
8534
8527
8524
8512
8506
8493
8491
8468
8451
8445
8318
8317
8306
8304
8281
8273
8260
8252
8242
8238
8228
8216
8213
8213
8205
8193
8157
8154
8144
8142
8139
8126
8121
8111
8103
8099
8092
8087
8080
8066
8049
8046
8027
8003
7990
7965
7950
7940
7937
7912
7910
7904
7902
7896
7893
7888
7877
7855
7833
7830
7828
7828
7827
7819
7807
7789
7780
7767
7766
7762
7757
7752
7749
7744
7715
7694
7680
7674
7674
7673
7627
7621
7619
7617
7616
7603
7596
7557
7543
7542
7522
7516
7499
7484
7467
7467
7457
7455
7444
7442
7439
7434
7416
7413
7410
7405
7402
7400
7390
7385
7383
7382
7381
7377
7372
7371
7371
7363
7327
7326
7315
7315
7263
7258
7255
7252
7231
7224
7218
7208
7202
7184
7183
7161
7155
7130
7103
7065
7058
7054
7038
7024
7005
7003
6998
6992
6991
6959
6955
6949
6940
6937
6926
6915
6913
6907
6897
6890
6889
6873
6865
6861
6853
6850
6842
6832
6828
6821
6802
6767
6766
6758
6740
6740
6729
6720
6715
6692
6668
6659
6646
6645
6637
6637
6634
6626
6610
6608
6596
6591
6590
6579
6566
6554
6552
6539
6529
6521
6519
6517
6512
6496
6471
6461
6460
6440
6415
6415
6406
6394
6387
6379
6376
6366
6361
6359
6333
6331
6316
6312
6307
6296
6272
6268
6237
6226
6221
6207
6198
6190
6142
6133
6129
6123
6120
6118
6108
6092
6085
6084
6083
6071
6067
6057
6048
6030
6029
6023
6014
6014
6012
5981
5980
5966
5960
5941
5938
5933
5923
5921
5911
5887
5873
5863
5855
5846
5838
5829
5823
5817
5814
5798
5790
5788
5782
5772
5766
5756
5754
5742
5731
5727
5727
5718
5713
5700
5677
5676
5675
5649
5647
5640
5640
5633
5605
5605
5599
5599
5593
5593
5586
5581
5576
5575
5542
5538
5522
5516
5485
5466
5438
5437
5432
5417
5401
5389
5374
5373
5346
5333
5324
5321
5310
5295
5293
5263
5260
5210
5194
5180
5172
5167
5152
5152
5127
5111
5097
5092
5085
5085
5084
5071
5040
5036
5024
5011
4985
4981
4980
4971
4955
4944
4942
4925
4924
4912
4893
4883
4882
4877
4876
4863
4857
4849
4846
4838
4837
4819
4814
4812
4799
4798
4798
4796
4781
4773
4754
4740
4740
4719
4699
4695
4695
4685
4684
4679
4671
4662
4641
4640
4637
4632
4604
4598
4597
4595
4575
4559
4553
4538
4534
4531
4528
4519
4497
4486
4483
4482
4464
4456
4453
4427
4408
4395
4388
4357
4354
4333
4332
4330
4329
4320
4317
4285
4283
4282
4266
4266
4257
4223
4218
4212
4198
4196
4192
4188
4180
4165
4150
4147
4141
4137
4136
4136
4132
4128
4127
4125
4111
4108
4102
4100
4081
4073
4062
4055
4044
4032
4028
4025
4022
4020
4019
4016
4002
3996
3988
3986
3978
3955
3942
3938
3935
3932
3921
3909
3908
3903
3895
3889
3888
3886
3878
3874
3856
3848
3845
3806
3804
3801
3792
3789
3785
3766
3765
3764
3758
3754
3741
3741
3740
3735
3732
3713
3713
3694
3688
3631
3622
3589
3589
3579
3551
3549
3528
3510
3506
3501
3500
3493
3493
3492
3491
3477
3446
3444
3440
3427
3407
3398
3397
3371
3357
3352
3348
3338
3336
3309
3300
3297
3292
3285
3278
3261
3235
3235
3233
3223
3221
3220
3209
3205
3201
3199
3197
3195
3186
3186
3164
3151
3150
3142
3125
3107
3107
3081
3079
3077
3069
3059
3051
3049
3049
3048
2987
2985
2980
2960
2942
2934
2922
2920
2868
2862
2855
2842
2834
2822
2820
2788
2785
2785
2784
2771
2757
2751
2746
2741
2732
2730
2723
2688
2682
2668
2666
2664
2659
2656
2638
2635
2634
2628
2615
2604
2594
2588
2567
2560
2552
2540
2538
2529
2516
2502
2493
2487
2485
2482
2482
2481
2472
2464
2458
2456
2451
2420
2406
2399
2396
2379
2370
2359
2350
2345
2340
2340
2331
2326
2319
2309
2308
2303
2299
2297
2289
2288
2283
2274
2247
2246
2234
2234
2233
2224
2223
2219
2181
2179
2161
2145
2131
2117
2113
2095
2069
2069
2062
2055
2037
2031
2027
2002
1998
1998
1998
1973
1939
1935
1933
1931
1917
1915
1900
1894
1854
1847
1838
1831
1816
1808
1803
1788
1777
1763
1761
1745
1735
1722
1707
1691
1672
1671
1670
1635
1621
1613
1608
1582
1581
1574
1569
1559
1557
1544
1527
1507
1507
1494
1456
1453
1449
1447
1421
1415
1389
1385
1374
1369
1358
1356
1345
1336
1333
1332
1306
1306
1303
1274
1268
1263
1253
1243
1238
1231
1218
1209
1204
1203
1202
1197
1179
1177
1172
1170
1170
1167
1162
1112
1108
1106
1104
1098
1095
1084
1079
1073
1055
1047
1045
1043
1040
1034
1033
1010
1005
999
968
952
932
924
910
903
888
860
847
842
834
829
821
819
799
794
789
778
765
746
744
741
740
736
724
709
700
695
685
680
679
662
649
636
634
634
622
609
594
591
579
570
565
556
543
530
518
514
512
511
504
490
487
478
476
476
466
459
448
439
438
427
400
396
395
393
391
366
352
343
334
330
274
272
269
259
234
224
212
196
187
186
166
163
160
159
158
153
147
141
126
121
114
102
85
84
70
68
65
31
22
20
